<?xml version="1.0" encoding="UTF-8"?>
<!-- Generated by org.testng.reporters.JUnitXMLReporter -->
<testsuite hostname="yuhualaideMacBook-Pro.local" ignored="0" name="testename9" tests="1" failures="1" timestamp="01 九月 2017 07:05:00 GMT" time="98.94" errors="0">
  <testcase name="question" time="78.88" classname="liangyihui.net.Question_add">
    <failure type="org.openqa.selenium.NoSuchElementException" message="An element could not be located on the page using the given search parameters. (WARNING: The server did not provide any stacktrace information)
Command duration or timeout: 60.28 seconds
For documentation on this error, please visit: http://seleniumhq.org/exceptions/no_such_element.html
Build info: version: &amp;apos;3.4.0&amp;apos;, revision: &amp;apos;unknown&amp;apos;, time: &amp;apos;unknown&amp;apos;
System info: host: &amp;apos;yuhualaideMacBook-Pro.local&amp;apos;, ip: &amp;apos;fe80:0:0:0:1cec:3378:4e47:410a%en0&amp;apos;, os.name: &amp;apos;Mac OS X&amp;apos;, os.arch: &amp;apos;x86_64&amp;apos;, os.version: &amp;apos;10.12.5&amp;apos;, java.version: &amp;apos;1.8.0_131&amp;apos;
Driver info: io.appium.java_client.ios.IOSDriver
Capabilities [{appPackage=net.liangyihui.app, app=/Users/yuhualai/Desktop/oncologynews.app, networkConnectionEnabled=false, databaseEnabled=false, deviceName=iPhone 6s, platform=MAC, appActivity=com.dop.h_doctor.ui.splash.IntroActivity, platformVersion=10.3, webStorageEnabled=false, locationContextEnabled=false, automationName=Appium, reseKeyboard=true, browserName=, takesScreenshot=true, javascriptEnabled=true, unicodeKeyboard=true, platformName=iOS, udid=043941C9-300A-4EBE-832C-89B395BFBB1E}]
Session ID: 53e6074d-e67c-4d3d-a6d6-eba9efec41c4
*** Element info: {Using=class name, value=XCUIElementTypeTextView}">
      <![CDATA[org.openqa.selenium.NoSuchElementException: An element could not be located on the page using the given search parameters. (WARNING: The server did not provide any stacktrace information)
Command duration or timeout: 60.28 seconds
For documentation on this error, please visit: http://seleniumhq.org/exceptions/no_such_element.html
Build info: version: '3.4.0', revision: 'unknown', time: 'unknown'
System info: host: 'yuhualaideMacBook-Pro.local', ip: 'fe80:0:0:0:1cec:3378:4e47:410a%en0', os.name: 'Mac OS X', os.arch: 'x86_64', os.version: '10.12.5', java.version: '1.8.0_131'
Driver info: io.appium.java_client.ios.IOSDriver
Capabilities [{appPackage=net.liangyihui.app, app=/Users/yuhualai/Desktop/oncologynews.app, networkConnectionEnabled=false, databaseEnabled=false, deviceName=iPhone 6s, platform=MAC, appActivity=com.dop.h_doctor.ui.splash.IntroActivity, platformVersion=10.3, webStorageEnabled=false, locationContextEnabled=false, automationName=Appium, reseKeyboard=true, browserName=, takesScreenshot=true, javascriptEnabled=true, unicodeKeyboard=true, platformName=iOS, udid=043941C9-300A-4EBE-832C-89B395BFBB1E}]
Session ID: 53e6074d-e67c-4d3d-a6d6-eba9efec41c4
*** Element info: {Using=class name, value=XCUIElementTypeTextView}
	at org.openqa.selenium.remote.ErrorHandler.createThrowable(ErrorHandler.java:215)
	at org.openqa.selenium.remote.ErrorHandler.throwIfResponseFailed(ErrorHandler.java:167)
	at org.openqa.selenium.remote.RemoteWebDriver.execute(RemoteWebDriver.java:671)
	at io.appium.java_client.DefaultGenericMobileDriver.execute(DefaultGenericMobileDriver.java:40)
	at io.appium.java_client.AppiumDriver.execute(AppiumDriver.java:1)
	at io.appium.java_client.ios.IOSDriver.execute(IOSDriver.java:1)
	at org.openqa.selenium.remote.RemoteWebDriver.findElement(RemoteWebDriver.java:410)
	at io.appium.java_client.DefaultGenericMobileDriver.findElement(DefaultGenericMobileDriver.java:56)
	at io.appium.java_client.AppiumDriver.findElement(AppiumDriver.java:1)
	at io.appium.java_client.ios.IOSDriver.findElement(IOSDriver.java:1)
	at org.openqa.selenium.remote.RemoteWebDriver.findElementByClassName(RemoteWebDriver.java:493)
	at io.appium.java_client.DefaultGenericMobileDriver.findElementByClassName(DefaultGenericMobileDriver.java:112)
	at io.appium.java_client.AppiumDriver.findElementByClassName(AppiumDriver.java:1)
	at io.appium.java_client.ios.IOSDriver.findElementByClassName(IOSDriver.java:1)
	at org.openqa.selenium.By$ByClassName.findElement(By.java:391)
	at org.openqa.selenium.remote.RemoteWebDriver.findElement(RemoteWebDriver.java:402)
	at io.appium.java_client.DefaultGenericMobileDriver.findElement(DefaultGenericMobileDriver.java:52)
	at io.appium.java_client.AppiumDriver.findElement(AppiumDriver.java:1)
	at io.appium.java_client.ios.IOSDriver.findElement(IOSDriver.java:1)
	at liangyihui.net.Question_add.question(Question_add.java:70)
	at java.util.concurrent.ThreadPoolExecutor.runWorker(ThreadPoolExecutor.java:1142)
	at java.util.concurrent.ThreadPoolExecutor$Worker.run(ThreadPoolExecutor.java:617)
	at java.lang.Thread.run(Thread.java:748)
... Removed 14 stack frames]]>
    </failure>
  </testcase> <!-- question -->
</testsuite> <!-- testename9 -->
