<?xml version="1.0" encoding="UTF-8"?>
<testng-results skipped="0" failed="1" ignored="0" total="1" passed="0">
  <reporter-output>
  </reporter-output>
  <suite name="Default suite" duration-ms="26215" started-at="2018-05-23T04:00:33Z" finished-at="2018-05-23T04:00:59Z">
    <groups>
    </groups>
    <test name="Default test" duration-ms="26215" started-at="2018-05-23T04:00:33Z" finished-at="2018-05-23T04:00:59Z">
      <class name="com.liangyihui.intal.TestLogin">
        <test-method status="PASS" signature="beforeClass()[pri:0, instance:com.liangyihui.intal.TestLogin@59ec2012]" name="beforeClass" is-config="true" duration-ms="4592" started-at="2018-05-23T12:00:33Z" finished-at="2018-05-23T12:00:38Z">
          <reporter-output>
          </reporter-output>
        </test-method> <!-- beforeClass -->
        <test-method status="FAIL" signature="Test()[pri:0, instance:com.liangyihui.intal.TestLogin@59ec2012]" name="Test" duration-ms="21426" started-at="2018-05-23T12:00:38Z" finished-at="2018-05-23T12:00:59Z">
          <exception class="java.lang.AssertionError">
            <message>
              <![CDATA[两个值不一样 expected [【JOO乳腺癌文献荟萃55】与NSCLC患者相比，乳腺癌患者需筛查脑转移吗？|早期乳腺癌患者开始曲妥珠...] but found [【JOO乳腺癌文献荟萃55】与NSCLC患者相比，乳腺癌患者需筛查脑转移吗？|早期乳腺癌患者开始曲妥珠单抗时...]]]>
            </message>
            <full-stacktrace>
              <![CDATA[java.lang.AssertionError: 两个值不一样 expected [【JOO乳腺癌文献荟萃55】与NSCLC患者相比，乳腺癌患者需筛查脑转移吗？|早期乳腺癌患者开始曲妥珠...] but found [【JOO乳腺癌文献荟萃55】与NSCLC患者相比，乳腺癌患者需筛查脑转移吗？|早期乳腺癌患者开始曲妥珠单抗时...]
	at org.testng.Assert.fail(Assert.java:93)
	at org.testng.Assert.failNotEquals(Assert.java:512)
	at org.testng.Assert.assertEqualsImpl(Assert.java:134)
	at org.testng.Assert.assertEquals(Assert.java:115)
	at org.testng.Assert.assertEquals(Assert.java:189)
	at com.liangyihui.intal.TestLogin.Test(TestLogin.java:47)
	at sun.reflect.NativeMethodAccessorImpl.invoke0(Native Method)
	at sun.reflect.NativeMethodAccessorImpl.invoke(NativeMethodAccessorImpl.java:62)
	at sun.reflect.DelegatingMethodAccessorImpl.invoke(DelegatingMethodAccessorImpl.java:43)
	at java.lang.reflect.Method.invoke(Method.java:498)
	at org.testng.internal.MethodInvocationHelper.invokeMethod(MethodInvocationHelper.java:108)
	at org.testng.internal.Invoker.invokeMethod(Invoker.java:661)
	at org.testng.internal.Invoker.invokeTestMethod(Invoker.java:869)
	at org.testng.internal.Invoker.invokeTestMethods(Invoker.java:1193)
	at org.testng.internal.TestMethodWorker.invokeTestMethods(TestMethodWorker.java:126)
	at org.testng.internal.TestMethodWorker.run(TestMethodWorker.java:109)
	at org.testng.TestRunner.privateRun(TestRunner.java:744)
	at org.testng.TestRunner.run(TestRunner.java:602)
	at org.testng.SuiteRunner.runTest(SuiteRunner.java:380)
	at org.testng.SuiteRunner.runSequentially(SuiteRunner.java:375)
	at org.testng.SuiteRunner.privateRun(SuiteRunner.java:340)
	at org.testng.SuiteRunner.run(SuiteRunner.java:289)
	at org.testng.SuiteRunnerWorker.runSuite(SuiteRunnerWorker.java:52)
	at org.testng.SuiteRunnerWorker.run(SuiteRunnerWorker.java:86)
	at org.testng.TestNG.runSuitesSequentially(TestNG.java:1301)
	at org.testng.TestNG.runSuitesLocally(TestNG.java:1226)
	at org.testng.TestNG.runSuites(TestNG.java:1144)
	at org.testng.TestNG.run(TestNG.java:1115)
	at org.testng.remote.AbstractRemoteTestNG.run(AbstractRemoteTestNG.java:132)
	at org.testng.remote.RemoteTestNG.initAndRun(RemoteTestNG.java:230)
	at org.testng.remote.RemoteTestNG.main(RemoteTestNG.java:76)
]]>
            </full-stacktrace>
          </exception> <!-- java.lang.AssertionError -->
          <reporter-output>
          </reporter-output>
        </test-method> <!-- Test -->
        <test-method status="PASS" signature="afterClass()[pri:0, instance:com.liangyihui.intal.TestLogin@59ec2012]" name="afterClass" is-config="true" duration-ms="161" started-at="2018-05-23T12:00:59Z" finished-at="2018-05-23T12:00:59Z">
          <reporter-output>
          </reporter-output>
        </test-method> <!-- afterClass -->
      </class> <!-- com.liangyihui.intal.TestLogin -->
    </test> <!-- Default test -->
  </suite> <!-- Default suite -->
</testng-results>
